<?xml version="1.0" encoding="UTF-8"?>
<!-- Generated by org.testng.reporters.JUnitXMLReporter -->
<testsuite ignored="0" hostname="DESKTOP-6E01LA0" failures="0" tests="4" name="Default test" time="5.7" errors="0" timestamp="2023-10-12T16:31:18 IST">
  <testcase classname="DynamicJson" name="addBook" time="4.977"/>
  <testcase classname="DynamicJson" name="addBook" time="0.206"/>
  <testcase classname="DynamicJson" name="addBook" time="0.207"/>
  <testcase classname="DynamicJson" name="addBook" time="0.179"/>
</testsuite> <!-- Default test -->
