<?xml version="1.0" encoding="UTF-8"?>
<testng-results ignored="0" total="4" passed="4" failed="0" skipped="0">
  <reporter-output>
  </reporter-output>
  <suite started-at="2023-10-12T16:31:12 IST" name="Default suite" finished-at="2023-10-12T16:31:17 IST" duration-ms="5700">
    <groups>
    </groups>
    <test started-at="2023-10-12T16:31:12 IST" name="Default test" finished-at="2023-10-12T16:31:17 IST" duration-ms="5700">
      <class name="DynamicJson">
        <test-method signature="addBook(java.lang.String,java.lang.String)[pri:0, instance:DynamicJson@52af26ee]" started-at="2023-10-12T16:31:12 IST" name="addBook" data-provider="AddBookDetails" finished-at="2023-10-12T16:31:17 IST" duration-ms="4977" status="PASS">
          <params>
            <param index="0">
              <value>
                <![CDATA[isbn1]]>
              </value>
            </param>
            <param index="1">
              <value>
                <![CDATA[1111]]>
              </value>
            </param>
          </params>
          <reporter-output>
          </reporter-output>
        </test-method> <!-- addBook -->
        <test-method signature="addBook(java.lang.String,java.lang.String)[pri:0, instance:DynamicJson@52af26ee]" started-at="2023-10-12T16:31:17 IST" name="addBook" data-provider="AddBookDetails" finished-at="2023-10-12T16:31:17 IST" duration-ms="206" status="PASS">
          <params>
            <param index="0">
              <value>
                <![CDATA[isbn2]]>
              </value>
            </param>
            <param index="1">
              <value>
                <![CDATA[2222]]>
              </value>
            </param>
          </params>
          <reporter-output>
          </reporter-output>
        </test-method> <!-- addBook -->
        <test-method signature="addBook(java.lang.String,java.lang.String)[pri:0, instance:DynamicJson@52af26ee]" started-at="2023-10-12T16:31:17 IST" name="addBook" data-provider="AddBookDetails" finished-at="2023-10-12T16:31:17 IST" duration-ms="207" status="PASS">
          <params>
            <param index="0">
              <value>
                <![CDATA[isbn3]]>
              </value>
            </param>
            <param index="1">
              <value>
                <![CDATA[3333]]>
              </value>
            </param>
          </params>
          <reporter-output>
          </reporter-output>
        </test-method> <!-- addBook -->
        <test-method signature="addBook(java.lang.String,java.lang.String)[pri:0, instance:DynamicJson@52af26ee]" started-at="2023-10-12T16:31:17 IST" name="addBook" data-provider="AddBookDetails" finished-at="2023-10-12T16:31:17 IST" duration-ms="179" status="PASS">
          <params>
            <param index="0">
              <value>
                <![CDATA[isbn4]]>
              </value>
            </param>
            <param index="1">
              <value>
                <![CDATA[4444]]>
              </value>
            </param>
          </params>
          <reporter-output>
          </reporter-output>
        </test-method> <!-- addBook -->
      </class> <!-- DynamicJson -->
    </test> <!-- Default test -->
  </suite> <!-- Default suite -->
</testng-results>
